<?xml version="1.0" encoding="UTF-8"?>
<!-- Generated by org.testng.reporters.JUnitXMLReporter -->
<testsuite ignored="0" hostname="macs-MacBook-Air.local" failures="0" tests="6" name="Login Test" time="23.312" errors="0" timestamp="2024-10-27T21:34:59 IST">
  <testcase classname="testcases.LoginTest" name="verifyLoginTest" time="2.31"/>
  <testcase classname="testcases.LoginTest" name="verifyLoginTest" time="1.553"/>
  <testcase classname="testcases.LoginTest" name="verifyLoginTest" time="6.574"/>
  <testcase classname="testcases.LoginTest" name="verifyLoginTest" time="1.782"/>
  <testcase classname="testcases.LoginTest" name="verifyLoginTest" time="1.496"/>
  <testcase classname="testcases.LoginTest" name="verifySauceLabLogoTest" time="0.059"/>
</testsuite> <!-- Login Test -->
