<?xml version="1.0" encoding="UTF-8"?>
<!-- Generated by org.testng.reporters.JUnitXMLReporter -->
<testsuite ignored="0" hostname="macs-MacBook-Air.local" failures="0" tests="2" name="VerifyAscendingOrderProductPriceTest" time="10.354" errors="0" timestamp="2024-10-27T21:30:11 IST">
  <testcase classname="testcases.VerifyAscendingOrderProductPriceTest" name="verifyLoginTest" time="0.636"/>
  <testcase classname="testcases.VerifyAscendingOrderProductPriceTest" name="verifyPriceTest" time="0.387"/>
</testsuite> <!-- VerifyAscendingOrderProductPriceTest -->
