<?xml version="1.0" encoding="UTF-8"?>
<!-- Generated by org.testng.reporters.JUnitXMLReporter -->
<testsuite ignored="0" hostname="macs-MacBook-Air.local" failures="0" tests="6" name="VerifyEndtoEndTest" time="10.975" errors="0" timestamp="2024-10-27T21:30:31 IST">
  <testcase classname="testcases.VerifyEndtoEndTest" name="verifyLoginTest" time="0.658"/>
  <testcase classname="testcases.VerifyEndtoEndTest" name="addItemToCartTest" time="0.182"/>
  <testcase classname="testcases.VerifyEndtoEndTest" name="verifyCartDetailsTest" time="0.181"/>
  <testcase classname="testcases.VerifyEndtoEndTest" name="enterCheckOutInfoTest" time="0.559"/>
  <testcase classname="testcases.VerifyEndtoEndTest" name="verifyCheckOutOverviewTest" time="0.118"/>
  <testcase classname="testcases.VerifyEndtoEndTest" name="checkOutConfirmationTest" time="0.057"/>
</testsuite> <!-- VerifyEndtoEndTest -->
