<?xml version="1.0" encoding="UTF-8"?>
<!-- Generated by org.testng.reporters.JUnitXMLReporter -->
<testsuite ignored="0" hostname="macs-MacBook-Air.local" failures="0" tests="2" name="VerifyDescendingOrderProductPriceTest" time="9.492" errors="0" timestamp="2024-10-27T21:30:20 IST">
  <testcase classname="testcases.VerifyDescendingOrderProductPriceTest" name="verifyLoginTest" time="0.548"/>
  <testcase classname="testcases.VerifyDescendingOrderProductPriceTest" name="verifyPriceTest" time="0.309"/>
</testsuite> <!-- VerifyDescendingOrderProductPriceTest -->
