<?xml version="1.0" encoding="UTF-8"?>
<!-- Generated by org.testng.reporters.JUnitXMLReporter -->
<testsuite ignored="0" hostname="macs-MacBook-Air.local" failures="0" tests="2" name="VerifyDescendingOrderProductPriceTest" time="8.906" errors="0" timestamp="2024-10-27T21:35:38 IST">
  <testcase classname="testcases.VerifyDescendingOrderProductPriceTest" name="verifyLoginTest" time="1.021"/>
  <testcase classname="testcases.VerifyDescendingOrderProductPriceTest" name="verifyPriceTest" time="0.575"/>
</testsuite> <!-- VerifyDescendingOrderProductPriceTest -->
