<?xml version="1.0" encoding="UTF-8"?>
<!-- Generated by org.testng.reporters.JUnitXMLReporter -->
<testsuite ignored="0" hostname="macs-MacBook-Air.local" failures="0" tests="6" name="VerifyEndtoEndTest" time="10.22" errors="0" timestamp="2024-10-27T21:35:48 IST">
  <testcase classname="testcases.VerifyEndtoEndTest" name="verifyLoginTest" time="1.291"/>
  <testcase classname="testcases.VerifyEndtoEndTest" name="addItemToCartTest" time="0.415"/>
  <testcase classname="testcases.VerifyEndtoEndTest" name="verifyCartDetailsTest" time="0.398"/>
  <testcase classname="testcases.VerifyEndtoEndTest" name="enterCheckOutInfoTest" time="0.974"/>
  <testcase classname="testcases.VerifyEndtoEndTest" name="verifyCheckOutOverviewTest" time="0.23"/>
  <testcase classname="testcases.VerifyEndtoEndTest" name="checkOutConfirmationTest" time="0.198"/>
</testsuite> <!-- VerifyEndtoEndTest -->
