<?xml version="1.0" encoding="UTF-8"?>
<!-- Generated by org.testng.reporters.JUnitXMLReporter -->
<testsuite ignored="0" hostname="macs-MacBook-Air.local" failures="0" tests="2" name="VerifyAscendingOrderProductPriceTest" time="8.896" errors="0" timestamp="2024-10-27T21:35:29 IST">
  <testcase classname="testcases.VerifyAscendingOrderProductPriceTest" name="verifyLoginTest" time="1.27"/>
  <testcase classname="testcases.VerifyAscendingOrderProductPriceTest" name="verifyPriceTest" time="0.698"/>
</testsuite> <!-- VerifyAscendingOrderProductPriceTest -->
