<?xml version="1.0" encoding="UTF-8"?>
<testng-results ignored="0" total="17" passed="17" failed="0" skipped="0">
  <reporter-output>
  </reporter-output>
  <suite started-at="2024-10-27T21:35:48 IST" name="Master Automation Test Suite" finished-at="2024-10-27T21:35:48 IST" duration-ms="0">
    <groups>
    </groups>
  </suite> <!-- Master Automation Test Suite -->
  <suite started-at="2024-10-27T21:34:36 IST" name="Automation Test Suite" finished-at="2024-10-27T21:35:20 IST" duration-ms="44619">
    <groups>
    </groups>
    <test started-at="2024-10-27T21:34:36 IST" name="Login Test" finished-at="2024-10-27T21:34:58 IST" duration-ms="22857">
      <class name="testcases.LoginTest">
        <test-method is-config="true" signature="setUp()[pri:0, instance:testcases.LoginTest@436bc36]" started-at="2024-10-27T21:34:36 IST" name="setUp" finished-at="2024-10-27T21:34:44 IST" duration-ms="8762" status="PASS">
          <reporter-output>
          </reporter-output>
        </test-method> <!-- setUp -->
        <test-method is-config="true" signature="beforeClass()[pri:0, instance:testcases.LoginTest@436bc36]" started-at="2024-10-27T21:34:44 IST" name="beforeClass" finished-at="2024-10-27T21:34:45 IST" duration-ms="144" status="PASS">
          <reporter-output>
          </reporter-output>
        </test-method> <!-- beforeClass -->
        <test-method signature="verifyLoginTest(java.lang.String,java.lang.String)[pri:0, instance:testcases.LoginTest@436bc36]" started-at="2024-10-27T21:34:45 IST" name="verifyLoginTest" data-provider="LoginDataProvider" finished-at="2024-10-27T21:34:47 IST" duration-ms="2267" status="PASS">
          <params>
            <param index="0">
              <value>
                <![CDATA[standard_user]]>
              </value>
            </param>
            <param index="1">
              <value>
                <![CDATA[secret_sauce]]>
              </value>
            </param>
          </params>
          <reporter-output>
          </reporter-output>
        </test-method> <!-- verifyLoginTest -->
        <test-method signature="verifyLoginTest(java.lang.String,java.lang.String)[pri:0, instance:testcases.LoginTest@436bc36]" started-at="2024-10-27T21:34:47 IST" name="verifyLoginTest" data-provider="LoginDataProvider" finished-at="2024-10-27T21:34:48 IST" duration-ms="1615" status="PASS">
          <params>
            <param index="0">
              <value>
                <![CDATA[problem_user]]>
              </value>
            </param>
            <param index="1">
              <value>
                <![CDATA[secret_sauce]]>
              </value>
            </param>
          </params>
          <reporter-output>
          </reporter-output>
        </test-method> <!-- verifyLoginTest -->
        <test-method signature="verifyLoginTest(java.lang.String,java.lang.String)[pri:0, instance:testcases.LoginTest@436bc36]" started-at="2024-10-27T21:34:48 IST" name="verifyLoginTest" data-provider="LoginDataProvider" finished-at="2024-10-27T21:34:55 IST" duration-ms="6695" status="PASS">
          <params>
            <param index="0">
              <value>
                <![CDATA[performance_glitch_user]]>
              </value>
            </param>
            <param index="1">
              <value>
                <![CDATA[secret_sauce]]>
              </value>
            </param>
          </params>
          <reporter-output>
          </reporter-output>
        </test-method> <!-- verifyLoginTest -->
        <test-method signature="verifyLoginTest(java.lang.String,java.lang.String)[pri:0, instance:testcases.LoginTest@436bc36]" started-at="2024-10-27T21:34:55 IST" name="verifyLoginTest" data-provider="LoginDataProvider" finished-at="2024-10-27T21:34:57 IST" duration-ms="1886" status="PASS">
          <params>
            <param index="0">
              <value>
                <![CDATA[error_user]]>
              </value>
            </param>
            <param index="1">
              <value>
                <![CDATA[secret_sauce]]>
              </value>
            </param>
          </params>
          <reporter-output>
          </reporter-output>
        </test-method> <!-- verifyLoginTest -->
        <test-method signature="verifyLoginTest(java.lang.String,java.lang.String)[pri:0, instance:testcases.LoginTest@436bc36]" started-at="2024-10-27T21:34:57 IST" name="verifyLoginTest" data-provider="LoginDataProvider" finished-at="2024-10-27T21:34:58 IST" duration-ms="1007" status="PASS">
          <params>
            <param index="0">
              <value>
                <![CDATA[visual_user]]>
              </value>
            </param>
            <param index="1">
              <value>
                <![CDATA[secret_sauce]]>
              </value>
            </param>
          </params>
          <reporter-output>
          </reporter-output>
        </test-method> <!-- verifyLoginTest -->
        <test-method signature="verifySauceLabLogoTest()[pri:1, instance:testcases.LoginTest@436bc36]" started-at="2024-10-27T21:34:58 IST" name="verifySauceLabLogoTest" finished-at="2024-10-27T21:34:58 IST" depends-on-methods="testcases.LoginTest.verifyLoginTest" duration-ms="53" status="PASS">
          <reporter-output>
          </reporter-output>
        </test-method> <!-- verifySauceLabLogoTest -->
        <test-method is-config="true" signature="afterClass()[pri:0, instance:testcases.LoginTest@436bc36]" started-at="2024-10-27T21:34:58 IST" name="afterClass" finished-at="2024-10-27T21:34:58 IST" duration-ms="165" status="PASS">
          <reporter-output>
          </reporter-output>
        </test-method> <!-- afterClass -->
        <test-method is-config="true" signature="tearDown()[pri:0, instance:testcases.LoginTest@436bc36]" started-at="2024-10-27T21:34:58 IST" name="tearDown" finished-at="2024-10-27T21:34:58 IST" duration-ms="84" status="PASS">
          <reporter-output>
          </reporter-output>
        </test-method> <!-- tearDown -->
      </class> <!-- testcases.LoginTest -->
    </test> <!-- Login Test -->
    <test started-at="2024-10-27T21:34:59 IST" name="Invalid Login Test" finished-at="2024-10-27T21:35:20 IST" duration-ms="21477">
      <class name="testcases.InvalidLoginTest">
        <test-method is-config="true" signature="setUp()[pri:0, instance:testcases.InvalidLoginTest@542e560f]" started-at="2024-10-27T21:34:59 IST" name="setUp" finished-at="2024-10-27T21:35:09 IST" duration-ms="9954" status="PASS">
          <reporter-output>
          </reporter-output>
        </test-method> <!-- setUp -->
        <test-method is-config="true" signature="beforeClass()[pri:0, instance:testcases.InvalidLoginTest@542e560f]" started-at="2024-10-27T21:35:09 IST" name="beforeClass" finished-at="2024-10-27T21:35:09 IST" duration-ms="6" status="PASS">
          <reporter-output>
          </reporter-output>
        </test-method> <!-- beforeClass -->
        <test-method signature="verifyLoginTestInvalidData()[pri:0, instance:testcases.InvalidLoginTest@542e560f]" started-at="2024-10-27T21:35:09 IST" name="verifyLoginTestInvalidData" finished-at="2024-10-27T21:35:20 IST" duration-ms="11195" status="PASS">
          <reporter-output>
          </reporter-output>
        </test-method> <!-- verifyLoginTestInvalidData -->
        <test-method is-config="true" signature="afterClass()[pri:0, instance:testcases.InvalidLoginTest@542e560f]" started-at="2024-10-27T21:35:20 IST" name="afterClass" finished-at="2024-10-27T21:35:20 IST" duration-ms="211" status="PASS">
          <reporter-output>
          </reporter-output>
        </test-method> <!-- afterClass -->
        <test-method is-config="true" signature="tearDown()[pri:0, instance:testcases.InvalidLoginTest@542e560f]" started-at="2024-10-27T21:35:20 IST" name="tearDown" finished-at="2024-10-27T21:35:20 IST" duration-ms="103" status="PASS">
          <reporter-output>
          </reporter-output>
        </test-method> <!-- tearDown -->
      </class> <!-- testcases.InvalidLoginTest -->
    </test> <!-- Invalid Login Test -->
  </suite> <!-- Automation Test Suite -->
  <suite started-at="2024-10-27T21:35:20 IST" name="Automation Test Suite (0)" finished-at="2024-10-27T21:35:48 IST" duration-ms="28034">
    <groups>
    </groups>
    <test started-at="2024-10-27T21:35:20 IST" name="VerifyAscendingOrderProductPriceTest" finished-at="2024-10-27T21:35:29 IST" duration-ms="8896">
      <class name="testcases.VerifyAscendingOrderProductPriceTest">
        <test-method is-config="true" signature="setUp()[pri:0, instance:testcases.VerifyAscendingOrderProductPriceTest@35d08e6c]" started-at="2024-10-27T21:35:20 IST" name="setUp" finished-at="2024-10-27T21:35:27 IST" duration-ms="6605" status="PASS">
          <reporter-output>
          </reporter-output>
        </test-method> <!-- setUp -->
        <test-method is-config="true" signature="beforeClass()[pri:0, instance:testcases.VerifyAscendingOrderProductPriceTest@35d08e6c]" started-at="2024-10-27T21:35:27 IST" name="beforeClass" finished-at="2024-10-27T21:35:27 IST" duration-ms="2" status="PASS">
          <reporter-output>
          </reporter-output>
        </test-method> <!-- beforeClass -->
        <test-method signature="verifyLoginTest()[pri:0, instance:testcases.VerifyAscendingOrderProductPriceTest@35d08e6c]" started-at="2024-10-27T21:35:27 IST" name="verifyLoginTest" finished-at="2024-10-27T21:35:28 IST" duration-ms="1270" status="PASS">
          <reporter-output>
          </reporter-output>
        </test-method> <!-- verifyLoginTest -->
        <test-method signature="verifyPriceTest()[pri:1, instance:testcases.VerifyAscendingOrderProductPriceTest@35d08e6c]" started-at="2024-10-27T21:35:28 IST" name="verifyPriceTest" finished-at="2024-10-27T21:35:29 IST" duration-ms="698" status="PASS">
          <reporter-output>
          </reporter-output>
        </test-method> <!-- verifyPriceTest -->
        <test-method is-config="true" signature="afterClass()[pri:0, instance:testcases.VerifyAscendingOrderProductPriceTest@35d08e6c]" started-at="2024-10-27T21:35:29 IST" name="afterClass" finished-at="2024-10-27T21:35:29 IST" duration-ms="202" status="PASS">
          <reporter-output>
          </reporter-output>
        </test-method> <!-- afterClass -->
        <test-method is-config="true" signature="tearDown()[pri:0, instance:testcases.VerifyAscendingOrderProductPriceTest@35d08e6c]" started-at="2024-10-27T21:35:29 IST" name="tearDown" finished-at="2024-10-27T21:35:29 IST" duration-ms="112" status="PASS">
          <reporter-output>
          </reporter-output>
        </test-method> <!-- tearDown -->
      </class> <!-- testcases.VerifyAscendingOrderProductPriceTest -->
    </test> <!-- VerifyAscendingOrderProductPriceTest -->
    <test started-at="2024-10-27T21:35:29 IST" name="VerifyDescendingOrderProductPriceTest" finished-at="2024-10-27T21:35:38 IST" duration-ms="8906">
      <class name="testcases.VerifyDescendingOrderProductPriceTest">
        <test-method is-config="true" signature="setUp()[pri:0, instance:testcases.VerifyDescendingOrderProductPriceTest@42463763]" started-at="2024-10-27T21:35:29 IST" name="setUp" finished-at="2024-10-27T21:35:36 IST" duration-ms="6773" status="PASS">
          <reporter-output>
          </reporter-output>
        </test-method> <!-- setUp -->
        <test-method is-config="true" signature="beforeClass()[pri:0, instance:testcases.VerifyDescendingOrderProductPriceTest@42463763]" started-at="2024-10-27T21:35:36 IST" name="beforeClass" finished-at="2024-10-27T21:35:36 IST" duration-ms="3" status="PASS">
          <reporter-output>
          </reporter-output>
        </test-method> <!-- beforeClass -->
        <test-method signature="verifyLoginTest()[pri:0, instance:testcases.VerifyDescendingOrderProductPriceTest@42463763]" started-at="2024-10-27T21:35:36 IST" name="verifyLoginTest" finished-at="2024-10-27T21:35:37 IST" duration-ms="1021" status="PASS">
          <reporter-output>
          </reporter-output>
        </test-method> <!-- verifyLoginTest -->
        <test-method signature="verifyPriceTest()[pri:1, instance:testcases.VerifyDescendingOrderProductPriceTest@42463763]" started-at="2024-10-27T21:35:37 IST" name="verifyPriceTest" finished-at="2024-10-27T21:35:37 IST" duration-ms="575" status="PASS">
          <reporter-output>
          </reporter-output>
        </test-method> <!-- verifyPriceTest -->
        <test-method is-config="true" signature="afterClass()[pri:0, instance:testcases.VerifyDescendingOrderProductPriceTest@42463763]" started-at="2024-10-27T21:35:37 IST" name="afterClass" finished-at="2024-10-27T21:35:38 IST" duration-ms="436" status="PASS">
          <reporter-output>
          </reporter-output>
        </test-method> <!-- afterClass -->
        <test-method is-config="true" signature="tearDown()[pri:0, instance:testcases.VerifyDescendingOrderProductPriceTest@42463763]" started-at="2024-10-27T21:35:38 IST" name="tearDown" finished-at="2024-10-27T21:35:38 IST" duration-ms="89" status="PASS">
          <reporter-output>
          </reporter-output>
        </test-method> <!-- tearDown -->
      </class> <!-- testcases.VerifyDescendingOrderProductPriceTest -->
    </test> <!-- VerifyDescendingOrderProductPriceTest -->
    <test started-at="2024-10-27T21:35:38 IST" name="VerifyEndtoEndTest" finished-at="2024-10-27T21:35:48 IST" duration-ms="10220">
      <class name="testcases.VerifyEndtoEndTest">
        <test-method is-config="true" signature="setUp()[pri:0, instance:testcases.VerifyEndtoEndTest@6492fab5]" started-at="2024-10-27T21:35:38 IST" name="setUp" finished-at="2024-10-27T21:35:44 IST" duration-ms="6327" status="PASS">
          <reporter-output>
          </reporter-output>
        </test-method> <!-- setUp -->
        <test-method is-config="true" signature="setUpClass()[pri:0, instance:testcases.VerifyEndtoEndTest@6492fab5]" started-at="2024-10-27T21:35:44 IST" name="setUpClass" finished-at="2024-10-27T21:35:44 IST" duration-ms="50" status="PASS">
          <reporter-output>
          </reporter-output>
        </test-method> <!-- setUpClass -->
        <test-method signature="verifyLoginTest()[pri:0, instance:testcases.VerifyEndtoEndTest@6492fab5]" started-at="2024-10-27T21:35:44 IST" name="verifyLoginTest" finished-at="2024-10-27T21:35:46 IST" duration-ms="1291" status="PASS">
          <reporter-output>
          </reporter-output>
        </test-method> <!-- verifyLoginTest -->
        <test-method signature="addItemToCartTest()[pri:1, instance:testcases.VerifyEndtoEndTest@6492fab5]" started-at="2024-10-27T21:35:46 IST" name="addItemToCartTest" finished-at="2024-10-27T21:35:46 IST" depends-on-methods="testcases.VerifyEndtoEndTest.verifyLoginTest" duration-ms="415" status="PASS">
          <reporter-output>
          </reporter-output>
        </test-method> <!-- addItemToCartTest -->
        <test-method signature="verifyCartDetailsTest()[pri:2, instance:testcases.VerifyEndtoEndTest@6492fab5]" started-at="2024-10-27T21:35:46 IST" name="verifyCartDetailsTest" finished-at="2024-10-27T21:35:46 IST" depends-on-methods="testcases.VerifyEndtoEndTest.addItemToCartTest" duration-ms="398" status="PASS">
          <reporter-output>
          </reporter-output>
        </test-method> <!-- verifyCartDetailsTest -->
        <test-method signature="enterCheckOutInfoTest()[pri:3, instance:testcases.VerifyEndtoEndTest@6492fab5]" started-at="2024-10-27T21:35:46 IST" name="enterCheckOutInfoTest" finished-at="2024-10-27T21:35:47 IST" depends-on-methods="testcases.VerifyEndtoEndTest.verifyCartDetailsTest" duration-ms="974" status="PASS">
          <reporter-output>
          </reporter-output>
        </test-method> <!-- enterCheckOutInfoTest -->
        <test-method signature="verifyCheckOutOverviewTest()[pri:4, instance:testcases.VerifyEndtoEndTest@6492fab5]" started-at="2024-10-27T21:35:47 IST" name="verifyCheckOutOverviewTest" finished-at="2024-10-27T21:35:48 IST" depends-on-methods="testcases.VerifyEndtoEndTest.enterCheckOutInfoTest" duration-ms="230" status="PASS">
          <reporter-output>
          </reporter-output>
        </test-method> <!-- verifyCheckOutOverviewTest -->
        <test-method signature="checkOutConfirmationTest()[pri:5, instance:testcases.VerifyEndtoEndTest@6492fab5]" started-at="2024-10-27T21:35:48 IST" name="checkOutConfirmationTest" finished-at="2024-10-27T21:35:48 IST" depends-on-methods="testcases.VerifyEndtoEndTest.verifyCheckOutOverviewTest" duration-ms="198" status="PASS">
          <reporter-output>
          </reporter-output>
        </test-method> <!-- checkOutConfirmationTest -->
        <test-method is-config="true" signature="afterClass()[pri:0, instance:testcases.VerifyEndtoEndTest@6492fab5]" started-at="2024-10-27T21:35:48 IST" name="afterClass" finished-at="2024-10-27T21:35:48 IST" duration-ms="141" status="PASS">
          <reporter-output>
          </reporter-output>
        </test-method> <!-- afterClass -->
        <test-method is-config="true" signature="tearDown()[pri:0, instance:testcases.VerifyEndtoEndTest@6492fab5]" started-at="2024-10-27T21:35:48 IST" name="tearDown" finished-at="2024-10-27T21:35:48 IST" duration-ms="154" status="PASS">
          <reporter-output>
          </reporter-output>
        </test-method> <!-- tearDown -->
      </class> <!-- testcases.VerifyEndtoEndTest -->
    </test> <!-- VerifyEndtoEndTest -->
  </suite> <!-- Automation Test Suite (0) -->
</testng-results>
